TN:
SF:src/app.js
FNF:0
FNH:0
DA:1,1
DA:2,1
DA:3,1
DA:4,1
DA:6,1
DA:7,1
DA:8,1
DA:9,1
DA:10,1
DA:11,1
DA:13,1
LF:11
LH:11
BRF:0
BRH:0
end_of_record
TN:
SF:src/settings.js
FNF:0
FNH:0
DA:1,1
DA:2,1
DA:3,1
DA:4,1
LF:4
LH:4
BRF:0
BRH:0
end_of_record
TN:
SF:src/controllers/authors.js
FN:5,(anonymous_0)
FN:5,_callee
FN:5,authorPage
FNF:3
FNH:3
FNDA:1,(anonymous_0)
FNDA:3,_callee
FNDA:1,authorPage
DA:1,1
DA:3,1
DA:5,12
DA:7,1
DA:8,1
DA:10,0
LF:6
LH:5
BRDA:5,0,0,1
BRDA:5,0,1,1
BRDA:5,0,2,0
BRDA:5,0,3,1
BRDA:5,0,4,1
BRF:5
BRH:4
end_of_record
TN:
SF:src/controllers/home.js
FN:3,indexPage
FNF:1
FNH:1
FNDA:1,indexPage
DA:1,1
DA:3,2
LF:2
LH:2
BRF:0
BRH:0
end_of_record
TN:
SF:src/controllers/index.js
FN:2,(anonymous_0)
FN:3,(anonymous_2)
FN:4,(anonymous_4)
FNF:3
FNH:3
FNDA:2,(anonymous_0)
FNDA:2,(anonymous_2)
FNDA:2,(anonymous_4)
DA:2,5
DA:3,5
DA:4,5
LF:3
LH:3
BRDA:2,0,0,1
BRDA:2,0,1,2
BRDA:3,1,0,1
BRDA:3,1,1,2
BRDA:4,2,0,1
BRDA:4,2,1,2
BRF:6
BRH:6
end_of_record
TN:
SF:src/controllers/manuscripts.js
FN:5,(anonymous_0)
FN:5,_callee
FN:5,manuscriptPage
FNF:3
FNH:3
FNDA:1,(anonymous_0)
FNDA:3,_callee
FNDA:1,manuscriptPage
DA:1,1
DA:3,1
DA:5,12
DA:7,1
DA:8,1
DA:10,0
LF:6
LH:5
BRDA:5,0,0,1
BRDA:5,0,1,1
BRDA:5,0,2,0
BRDA:5,0,3,1
BRDA:5,0,4,1
BRF:5
BRH:4
end_of_record
TN:
SF:src/models/model.js
FN:4,Model
FN:7,(anonymous_2)
FNF:2
FNH:1
FNDA:2,Model
FNDA:0,(anonymous_2)
DA:1,1
DA:4,2
DA:5,2
DA:6,2
DA:7,2
DA:12,2
DA:17,1
LF:7
LH:7
BRDA:12,0,0,0
BRDA:12,0,1,2
BRF:2
BRH:1
end_of_record
TN:
SF:src/models/pool.js
FNF:0
FNH:0
DA:1,1
DA:2,1
DA:3,1
DA:4,1
DA:6,1
LF:5
LH:5
BRF:0
BRH:0
end_of_record
TN:
SF:src/routes/index.js
FNF:0
FNH:0
DA:1,1
DA:2,1
DA:4,1
DA:6,1
DA:7,1
DA:8,1
DA:10,1
LF:7
LH:7
BRF:0
BRH:0
end_of_record
TN:
SF:src/utils/queries.js
FNF:0
FNH:0
DA:1,1
DA:7,1
DA:21,1
DA:40,1
DA:46,1
DA:61,1
DA:63,1
LF:7
LH:7
BRF:0
BRH:0
end_of_record
TN:
SF:src/utils/queryFunctions.js
FN:12,(anonymous_0)
FN:12,_callee2
FN:12,(anonymous_3)
FN:14,(anonymous_4)
FN:14,_callee
FN:12,executeQueryArray
FN:20,initialize
FN:21,dropManuscriptsTables
FN:22,dropAuthorsTables
FN:24,createTables
FN:25,insertAuthorsIntoTables
FN:26,insertManuscriptsIntoTables
FNF:12
FNH:12
FNDA:1,(anonymous_0)
FNDA:18,_callee2
FNDA:6,(anonymous_3)
FNDA:13,(anonymous_4)
FNDA:21,_callee
FNDA:6,executeQueryArray
FNDA:1,initialize
FNDA:1,dropManuscriptsTables
FNDA:1,dropAuthorsTables
FNDA:1,createTables
FNDA:1,insertAuthorsIntoTables
FNDA:1,insertManuscriptsIntoTables
DA:1,1
DA:2,1
DA:12,42
DA:13,6
DA:14,56
DA:16,7
DA:20,2
DA:21,2
DA:22,2
DA:24,2
DA:25,2
DA:26,2
LF:12
LH:12
BRDA:12,0,0,6
BRDA:12,0,1,0
BRDA:12,0,2,6
BRDA:14,1,0,7
BRDA:14,1,1,7
BRDA:14,1,2,7
BRDA:14,1,3,7
BRDA:16,2,0,6
BRDA:16,2,1,1
BRF:9
BRH:8
end_of_record
